DEBUTD
ElBsU
TF
IlNs

FIN
DEBUT
ls
FIN
DEBUT
ls
FIN
DEBUT
ls
FIN
DEBUT
ls
FIN
DEBUT
ls
FIN
DEBUT
ls
FIN
DEBUT
ls
FIN
DEBUT
ls
FIN
DEBUT
ls
FIN
DEBUT
ls
FIN
DEBUT
ls
FIN
DEBUT
ls
FIN
DEBUT
ls
FIN
DEBUT
ls
FIN
DEBUT
ls
FIN
DEBUT
ls
FIN
DEBUT
ls
FIN
DEBUT
ls
FIN
DEBUT
ls
FIN
DEBUT
ls
FIN
DEBUT
ls
FIN
DEBUT
ls
FIN
DEBUT
wc
FIN
DEBUT
wc
FIN
DEBUT
cat
-e
FIN
DEBUT
wc
FIN
DEBUT
cat
-e
FIN
DEBUT
wc
FIN
DEBUT
cat
-e
FIN
DEBUT
wc
FIN
DEBUT
cat
-e
FIN
DEBUT
wc
FIN
DEBUT
cat
-e
FIN
DEBUT
wc
FIN
DEBUT
cat
-e
FIN
DEBUT
ls
FIN
DEBUT
wc
FIN
DEBUT
cat
-e
FIN
DEBUT
lsldlslls
FIN
DEBUT
lslslsls
FIN
DEBUT
ls
FIN
DEBUT
ls
FIN
DEBUT
wc
-l
FIN
DEBUT
wc
-l
FIN
DEBUT
wc
-l
FIN
DEBUT
wc
-l
FIN
DEBUT
ls
FIN
DEBUT
ls
FIN
DEBUT
ls
FIN
DEBUT
Bazar
FIN
DEBUT
Makefile
FIN
DEBUT
README.md
FIN
DEBUT
a.out
FIN
DEBUT
debug.log
FIN
DEBUT
demo_functions
FIN
DEBUT
evr
FIN
DEBUT
f
FIN
DEBUT
fichier
FIN
DEBUT
fichier2
FIN
DEBUT
includes
FIN
DEBUT
libft
FIN
DEBUT
minishell
FIN
DEBUT
p
FIN
DEBUT
pipe_work_directory
FIN
DEBUT
poire
FIN
DEBUT
srcs
FIN
DEBUT
t
FIN
DEBUT
test
FIN
DEBUT
testattr.c
FIN
DEBUT
ls
FIN
DEBUT
ls
FIN
DEBUT
Bazar
FIN
DEBUT
Makefile
FIN
DEBUT
README.md
FIN
DEBUT
a.out
FIN
DEBUT
debug.log
FIN
DEBUT
demo_functions
FIN
DEBUT
evr
FIN
DEBUT
f
FIN
DEBUT
fichier
FIN
DEBUT
fichier2
FIN
DEBUT
includes
FIN
DEBUT
libft
FIN
DEBUT
minishell
FIN
DEBUT
p
FIN
DEBUT
pipe_work_directory
FIN
DEBUT
poire
FIN
DEBUT
srcs
FIN
DEBUT
t
FIN
DEBUT
test
FIN
DEBUT
testattr.c
FIN
DEBUT
clar
FIN
DEBUT
clear
FIN
DEBUT
ls
FIN
DEBUT
ls
FIN
DEBUT
clear
FIN
DEBUT
ls
FIN
DEBUT
Bazar
FIN
DEBUT
Makefile
FIN
DEBUT
README.md
FIN
DEBUT
a.out
FIN
DEBUT
debug.log
FIN
DEBUT
demo_functions
FIN
DEBUT
evr
FIN
DEBUT
f
FIN
DEBUT
fichier
FIN
DEBUT
fichier2
FIN
DEBUT
includes
FIN
DEBUT
libft
FIN
DEBUT
minishell
FIN
DEBUT
p
FIN
DEBUT
pipe_work_directory
FIN
DEBUT
poire
FIN
DEBUT
srcs
FIN
DEBUT
t
FIN
DEBUT
test
FIN
DEBUT
testattr.c
FIN
DEBUT
clear
FIN
DEBUT
ls
FIN
DEBUT
wc
FIN
DEBUT
wc
FIN
DEBUT
ls
FIN
DEBUT
Bazar
FIN
DEBUT
Makefile
FIN
DEBUT
README.md
FIN
DEBUT
a.out
FIN
DEBUT
debug.log
FIN
DEBUT
demo_functions
FIN
DEBUT
evr
FIN
DEBUT
f
FIN
DEBUT
fich
FIN
DEBUT
fichier
FIN
DEBUT
fichier2
FIN
DEBUT
includes
FIN
DEBUT
libft
FIN
DEBUT
minishell
FIN
DEBUT
p
FIN
DEBUT
pipe_work_directory
FIN
DEBUT
poire
FIN
DEBUT
srcs
FIN
DEBUT
t
FIN
DEBUT
test
FIN
DEBUT
testattr.c
FIN
DEBUT
ls
FIN
DEBUT
wc
FIN
DEBUT
wc
FIN
DEBUT
ls
FIN
DEBUT
ls
FIN
DEBUT
ls
FIN
DEBUT
Bazar
FIN
DEBUT
Makefile
FIN
DEBUT
README.md
FIN
DEBUT
a.out
FIN
DEBUT
debug.log
FIN
DEBUT
demo_functions
FIN
DEBUT
evr
FIN
DEBUT
f
FIN
DEBUT
fich
FIN
DEBUT
fichier
FIN
DEBUT
fichier2
FIN
DEBUT
includes
FIN
DEBUT
libft
FIN
DEBUT
minishell
FIN
DEBUT
p
FIN
DEBUT
pipe_work_directory
FIN
DEBUT
poire
FIN
DEBUT
srcs
FIN
DEBUT
t
FIN
DEBUT
test
FIN
DEBUT
testattr.c
FIN
DEBUT
ls
FIN
DEBUT
grap
a
FIN
DEBUT
Bazar
FIN
DEBUT
Makefile
FIN
DEBUT
README.md
FIN
DEBUT
a.out
FIN
DEBUT
debug.log
FIN
DEBUT
demo_functions
FIN
DEBUT
evr
FIN
DEBUT
f
FIN
DEBUT
fich
FIN
DEBUT
fichier
FIN
DEBUT
fichier2
FIN
DEBUT
includes
FIN
DEBUT
libft
FIN
DEBUT
minishell
FIN
DEBUT
p
FIN
DEBUT
pipe_work_directory
FIN
DEBUT
poire
FIN
DEBUT
srcs
FIN
DEBUT
t
FIN
DEBUT
test
FIN
DEBUT
testattr.c
FIN
DEBUT
clear
FIN
DEBUT
ls
FIN
DEBUT
grep
a
FIN
DEBUT
ls
FIN
DEBUT
grp
a
FIN
DEBUT
Bazar
FIN
DEBUT
Makefile
FIN
DEBUT
README.md
FIN
DEBUT
a.out
FIN
DEBUT
debug.log
FIN
DEBUT
demo_functions
FIN
DEBUT
evr
FIN
DEBUT
f
FIN
DEBUT
fich
FIN
DEBUT
fichier
FIN
DEBUT
fichier2
FIN
DEBUT
includes
FIN
DEBUT
libft
FIN
DEBUT
minishell
FIN
DEBUT
p
FIN
DEBUT
pipe_work_directory
FIN
DEBUT
poire
FIN
DEBUT
srcs
FIN
DEBUT
t
FIN
DEBUT
test
FIN
DEBUT
testattr.c
FIN
DEBUT
ls
FIN
DEBUT
grep
a
FIN
DEBUT
ls
FIN
DEBUT
ls
FIN
DEBUT

FIN
DEBUT
Bazar
FIN
DEBUT
Makefile
FIN
DEBUT
README.md
FIN
DEBUT
a.out
FIN
DEBUT
debug.log
FIN
DEBUT
demo_functions
FIN
DEBUT
evr
FIN
DEBUT
f
FIN
DEBUT
fich
FIN
DEBUT
fichier
FIN
DEBUT
fichier2
FIN
DEBUT
includes
FIN
DEBUT
libft
FIN
DEBUT
minishell
FIN
DEBUT
p
FIN
DEBUT
pipe_work_directory
FIN
DEBUT
poire
FIN
DEBUT
srcs
FIN
DEBUT
t
FIN
DEBUT
test
FIN
DEBUT
testattr.c
FIN
DEBUT
ls
FIN
DEBUT
cat
FIN
DEBUT
ls
FIN
DEBUT
fr
FIN
DEBUT
Bazar
FIN
DEBUT
Makefile
FIN
DEBUT
README.md
FIN
DEBUT
a.out
FIN
DEBUT
debug.log
FIN
DEBUT
demo_functions
FIN
DEBUT
evr
FIN
DEBUT
f
FIN
DEBUT
fich
FIN
DEBUT
fichier
FIN
DEBUT
fichier2
FIN
DEBUT
includes
FIN
DEBUT
libft
FIN
DEBUT
minishell
FIN
DEBUT
p
FIN
DEBUT
pipe_work_directory
FIN
DEBUT
poire
FIN
DEBUT
srcs
FIN
DEBUT
t
FIN
DEBUT
test
FIN
DEBUT
testattr.c
FIN
DEBUT
ls
FIN
DEBUT
ls
FIN
DEBUT
Bazar
FIN
DEBUT
Makefile
FIN
DEBUT
README.md
FIN
DEBUT
a.out
FIN
DEBUT
debug.log
FIN
DEBUT
demo_functions
FIN
DEBUT
evr
FIN
DEBUT
f
FIN
DEBUT
fich
FIN
DEBUT
fichier
FIN
DEBUT
fichier2
FIN
DEBUT
includes
FIN
DEBUT
libft
FIN
DEBUT
minishell
FIN
DEBUT
p
FIN
DEBUT
pipe_work_directory
FIN
DEBUT
poire
FIN
DEBUT
srcs
FIN
DEBUT
t
FIN
DEBUT
test
FIN
DEBUT
testattr.c
FIN
DEBUT
fds
FIN
DEBUT
fds
FIN
DEBUT
dsa
FIN
DEBUT
2004h$
FIN
DDEBEUBTU
T

FfIdNs

FIN
DEBUT
2004l
FIN
DEBUT
$
exit
FIN
DEBUT
2004h$
FIN
DEBUT
2004l
FIN
DEBUT
2004h$
FIN
DEBUT
2004l
FIN
DEBUT
2004h$
FIN
DEBUT
2004l
FIN
DEBUT
2004h$
FIN
DEBUT
2004l
FIN
DEBUT
2004h$
FIN
DEBUT
2004l
FIN
DEBUT
2004h$
FIN
DEBUT
2004l
FIN
DEBUT
2004h$
FIN
DEBUT
2004l
FIN
DEBUT
2004h$
FIN
DEBUT
2004l
FIN
DEBUT
2004l
FIN
DEBUT
$
2004l
FIN
DEBUT
2004l
FIN
DEBUT
$
FIN
DEBUT
2004l
FIN
DEBUT
$
FIN
DEBUT
2004l
FIN
DEBUT
$
FIN
DEBUT
$
2004l
FIN
DEBUT
$
2004h2004l
FIN
DEBUT
ls
FIN
DEBUT
dsf
FIN
DEBUT
Bazar
FIN
DEBUT
Makefile
FIN
DEBUT
README.md
FIN
DEBUT
a.out
FIN
DEBUT
debug.log
FIN
DEBUT
demo_functions
FIN
DEBUT
evr
FIN
DEBUT
f
FIN
DEBUT
fich
FIN
DEBUT
fichier
FIN
DEBUT
fichier2
FIN
DEBUT
includes
FIN
DEBUT
libft
FIN
DEBUT
minishell
FIN
DEBUT
p
FIN
DEBUT
pipe_work_directory
FIN
DEBUT
poire
FIN
DEBUT
srcs
FIN
DEBUT
t
FIN
DEBUT
test
FIN
DEBUT
testattr.c
FIN
DEBUT
ls
FIN
DEBUT
ls
FIN
DEBUT
ls
FIN
DEBUT
ls
FIN
DEBUT
ls
FIN
DEBUT
ls
FIN
DDEBUT
wcE
BFUITN

ls
FIN
DEBUT
ls
FIN
DEBUT
ls
FIN
DEBUT
ls
FIN
DEBUT
ls
FIN
DEBUT
ls
FIN
DEBUT
ls
FIN
DEBUT
ls
FIN
DEBUT
ls
FIN
DEBUT
ls
FIN
DEBUT
ls
FIN
DEBUT
ls
FIN
DEBUT
ls
FIN
DEBUT
ls
FIN
DEBUT
ls
FIN
DEBUT
ls
FIN
DEBUT
ls
FIN
DEBUT
ls
FIN
DEBUT
ls
FIN
DEBUT
ls
FIN
DEBUT
ls
FIN
DEBUT
ls
FIN
DEBUT
ls
FIN
DEBUT
ls
FIN
DEBUT
ls
FIN
DEBUT
ls
FIN
DEBUT
ls
FIN
DEBUT
ls
FIN
DEBUT
ls
FIN
DEBUT
ls
FIN
DEBUT
ls
FIN
DEBUT
ls
FIN
DEBUT
ls
FIN
DEBUT
ls
FIN
DEBUT
ls
FIN
DEBUT
ls
FIN
DEBUT
ls
FIN
DEBUT
ls
FIN
DEBUT
ls
FIN
DEBUT
ls
FIN
DEBUT
ls
FIN
DEBUT
ls
FIN
DEBUT
ls
FIN
DEBUT
ls
FIN
DEBUT
ls
FIN
DEBUT
ls
FIN
DEBUT
ls
FIN
DEBUT
ls
FIN
DEBUT
ls
FIN
DEBUT
ls
FIN
DEBUT
ls
FIN
DEBUT
ls
FIN
DEBUT
ls
FIN
DEBUT
ls
FIN
DEBUT
ls
FIN
DEBUT
ls
FIN
DEBUT
ls
FIN
DEBUT
ls
FIN
DEBUT
ls
FIN
DEBUT
ls
FIN
DEBUT
ls
FIN
DEBUT
ls
FIN
DEBUT
ls
FIN
DEBUT
ls
FIN
DEBUT
cat
t
FIN
DDEEBBUUTT

lls
FIsN

FIN
DEBUT
cat
f
FIN
DEBUT
ls
FIN
DEBUT
ls
FIN
DEBUT
ls
FIN
DEBUT
wc
FIN
DEBUT
ls
FIN
DEBUT
wc
FIN
DEBUT
wc
FIN
DEBUT
wc
FIN
DEBUT
wc
FIN
DEBUT
wc
FIN
DEBUT
wc
FIN
DEBUT
wc
FIN
DEBUT
ls
FIN
DEBUT
ls
FIN
DEBUT
ls
FIN
DEBUT
ls
FIN
DEBUT
clear
FIN
DEBUT
wc
-l
FIN
